2015-12-13 00:19:02,492 - statelogger - INFO - **********STARTING***********
2015-12-13 00:19:02,492 - statelogger - INFO - **********STARTING***********
2015-12-13 00:19:02,492 - statelogger - INFO - **********STARTING***********
2015-12-13 00:19:02,492 - statelogger - INFO - **********STARTING***********
2015-12-13 00:19:02,492 - statelogger - INFO - Logging to - *statevar.log*
2015-12-13 00:19:02,492 - statelogger - INFO - Logging to - *statevar.log*
2015-12-13 00:19:02,492 - statelogger - INFO - Logging to - *statevar.log*
2015-12-13 00:19:02,492 - statelogger - INFO - Logging to - *statevar.log*
2015-12-13 00:19:02,492 - statelogger - INFO - Recieved 2 variables
2015-12-13 00:19:02,492 - statelogger - INFO - Recieved 2 variables
2015-12-13 00:19:02,492 - statelogger - INFO - Recieved 2 variables
2015-12-13 00:19:02,492 - statelogger - INFO - Recieved 2 variables
2015-12-13 00:19:02,492 - statelogger - INFO - Starting Recording
2015-12-13 00:19:02,492 - statelogger - INFO - Starting Recording
2015-12-13 00:19:02,492 - statelogger - INFO - Starting Recording
2015-12-13 00:19:02,492 - statelogger - INFO - Starting Recording
2015-12-13 00:19:02,493 - statelogger - INFO - Initialization Finished
2015-12-13 00:19:02,493 - statelogger - INFO - Initialization Finished
2015-12-13 00:19:02,493 - statelogger - INFO - Initialization Finished
2015-12-13 00:19:02,493 - statelogger - INFO - Initialization Finished
2015-12-13 00:19:08,833 - statelogger.add_state - INFO - Recieved 2 variables.
2015-12-13 00:19:08,833 - statelogger.add_state - INFO - Recieved 2 variables.
2015-12-13 00:19:08,833 - statelogger.add_state - INFO - Recieved 2 variables.
2015-12-13 00:19:08,833 - statelogger.add_state - INFO - Recieved 2 variables.
2015-12-13 00:19:08,833 - statelogger.add_state - ERROR - Inputted number of variables does not meet exisiting bank requirement
2015-12-13 00:19:08,833 - statelogger.add_state - ERROR - Inputted number of variables does not meet exisiting bank requirement
2015-12-13 00:19:08,833 - statelogger.add_state - ERROR - Inputted number of variables does not meet exisiting bank requirement
2015-12-13 00:19:08,833 - statelogger.add_state - ERROR - Inputted number of variables does not meet exisiting bank requirement
2015-12-13 00:19:24,058 - statelogger.add_state - INFO - Recieved 2 variables.
2015-12-13 00:19:24,058 - statelogger.add_state - INFO - Recieved 2 variables.
2015-12-13 00:19:24,058 - statelogger.add_state - INFO - Recieved 2 variables.
2015-12-13 00:19:24,058 - statelogger.add_state - INFO - Recieved 2 variables.
2015-12-13 00:19:24,058 - statelogger.update_data - DEBUG - Data Update successful
2015-12-13 00:19:24,058 - statelogger.update_data - DEBUG - Data Update successful
2015-12-13 00:19:24,058 - statelogger.update_data - DEBUG - Data Update successful
2015-12-13 00:19:24,058 - statelogger.update_data - DEBUG - Data Update successful
2015-12-13 00:19:24,059 - statelogger.write_to_file - DEBUG - Written to file succesfully
2015-12-13 00:19:24,059 - statelogger.write_to_file - DEBUG - Written to file succesfully
2015-12-13 00:19:24,059 - statelogger.write_to_file - DEBUG - Written to file succesfully
2015-12-13 00:19:24,059 - statelogger.write_to_file - DEBUG - Written to file succesfully
2015-12-13 00:19:24,059 - statelogger.add_state - INFO - Added 2 variables to bank
2015-12-13 00:19:24,059 - statelogger.add_state - INFO - Added 2 variables to bank
2015-12-13 00:19:24,059 - statelogger.add_state - INFO - Added 2 variables to bank
2015-12-13 00:19:24,059 - statelogger.add_state - INFO - Added 2 variables to bank
